<?xml version="1.0" encoding="UTF-8"?>
<TestRun id="9f00fa15-2bb1-4bb2-ba87-d8d140384bfb" name="sargon.hasso@IL67LP031384 2011-05-25 14:07:33" runUser="NA\sargon.hasso" xmlns="http://microsoft.com/schemas/VisualStudio/TeamTest/2006">
  <TestRunConfiguration name="Local Test Run" id="730627c6-8274-40ac-888b-2afc4c03d573">
    <Description>This is a default test run configuration for a local test run.</Description>
    <Deployment runDeploymentRoot="G:\VS8Projects\SmartCodeConversion0\TestResults\sargon.hasso_IL67LP031384 2011-05-25 14_07_33">
      <DeploymentItem filename="G:\VS8Projects\SmartCodeConversion0\codeConversion\bin\Debug\Arguments.dll" />
      <DeploymentItem filename="G:\VS8Projects\SmartCodeConversion0\codeConversionUsingFSA\bin\Debug\codeConversionUsingFSA.exe" />
    </Deployment>
    <TestTypeSpecific />
  </TestRunConfiguration>
  <ResultSummary outcome="Completed">
    <Counters total="1" executed="1" passed="1" error="0" failed="0" timeout="0" aborted="0" inconclusive="0" passedButRunAborted="0" notRunnable="0" notExecuted="0" disconnected="0" warning="0" completed="0" inProgress="0" pending="0" />
  </ResultSummary>
  <Times creation="2011-05-25T14:07:33.9721444-05:00" queuing="2011-05-25T14:07:34.8471780-05:00" start="2011-05-25T14:07:34.8628036-05:00" finish="2011-05-25T14:07:35.3003204-05:00" />
  <TestDefinitions>
    <UnitTest name="getNextNonExistingCharacter" storage="g:\vs8projects\smartcodeconversion0\processwordunittests\bin\debug\processwordunittests.dll" id="a3e1ee41-039f-4677-1883-0cbe577bac8f">
      <Css projectStructure="" iteration="" />
      <Owners>
        <Owner name="" />
      </Owners>
      <Execution id="5f6dfefe-ac93-454c-aec2-603e7d73b478" />
      <TestMethod codeBase="G:\VS8Projects\SmartCodeConversion0\ProcessWordUnitTests\bin\Debug\ProcessWordUnitTests.dll" adapterTypeName="Microsoft.VisualStudio.TestTools.TestTypes.Unit.UnitTestAdapter, Microsoft.VisualStudio.QualityTools.Tips.UnitTest.Adapter, Version=9.0.0.0, Culture=neutral, PublicKeyToken=b03f5f7f11d50a3a" className="ProcessWordUnitTests.ProcessWordTest, ProcessWordUnitTests" name="getNextNonExistingCharacter" />
    </UnitTest>
  </TestDefinitions>
  <TestLists>
    <TestList name="Results Not in a List" id="8c84fa94-04c1-424b-9868-57a2d4851a1d" />
    <TestList name="All Loaded Results" id="19431567-8539-422a-85d7-44ee4e166bda" />
  </TestLists>
  <TestEntries>
    <TestEntry testId="a3e1ee41-039f-4677-1883-0cbe577bac8f" executionId="5f6dfefe-ac93-454c-aec2-603e7d73b478" testListId="8c84fa94-04c1-424b-9868-57a2d4851a1d" />
  </TestEntries>
  <Results>
    <UnitTestResult executionId="5f6dfefe-ac93-454c-aec2-603e7d73b478" testId="a3e1ee41-039f-4677-1883-0cbe577bac8f" testName="getNextNonExistingCharacter" computerName="IL67LP031384" duration="00:00:00.0175254" startTime="2011-05-25T14:07:34.8628036-05:00" endTime="2011-05-25T14:07:35.2846948-05:00" testType="13cdc9d9-ddb5-4fa4-a97d-d965ccfc6d4b" outcome="Passed" testListId="8c84fa94-04c1-424b-9868-57a2d4851a1d">
      <Output>
      </Output>
    </UnitTestResult>
  </Results>
</TestRun>