<?xml version="1.0" encoding="UTF-8"?>
<TestRun id="0529fa4a-caaa-4df9-860b-de9fd571b601" name="sargon.hasso@IL67LP031384 2011-05-25 14:06:47" runUser="NA\sargon.hasso" xmlns="http://microsoft.com/schemas/VisualStudio/TeamTest/2006">
  <TestRunConfiguration name="Local Test Run" id="730627c6-8274-40ac-888b-2afc4c03d573">
    <Description>This is a default test run configuration for a local test run.</Description>
    <Deployment runDeploymentRoot="G:\VS8Projects\SmartCodeConversion0\TestResults\sargon.hasso_IL67LP031384 2011-05-25 14_06_47">
      <DeploymentItem filename="G:\VS8Projects\SmartCodeConversion0\codeConversion\bin\Debug\Arguments.dll" />
      <DeploymentItem filename="G:\VS8Projects\SmartCodeConversion0\codeConversionUsingFSA\bin\Debug\codeConversionUsingFSA.exe" />
    </Deployment>
    <TestTypeSpecific />
  </TestRunConfiguration>
  <ResultSummary outcome="Failed">
    <Counters total="1" executed="1" error="0" failed="1" timeout="0" aborted="0" inconclusive="0" passedButRunAborted="0" notRunnable="0" notExecuted="0" disconnected="0" warning="0" passed="0" completed="0" inProgress="0" pending="0" />
  </ResultSummary>
  <Times creation="2011-05-25T14:06:47.8453732-05:00" queuing="2011-05-25T14:06:48.7985348-05:00" start="2011-05-25T14:06:48.8141604-05:00" finish="2011-05-25T14:06:49.2985540-05:00" />
  <TestDefinitions>
    <UnitTest name="getNextNonExistingCharacter" storage="g:\vs8projects\smartcodeconversion0\processwordunittests\bin\debug\processwordunittests.dll" id="a3e1ee41-039f-4677-1883-0cbe577bac8f">
      <Css projectStructure="" iteration="" />
      <Owners>
        <Owner name="" />
      </Owners>
      <Execution id="3ace0239-2665-4f76-b482-f381fadbd1af" />
      <TestMethod codeBase="G:\VS8Projects\SmartCodeConversion0\ProcessWordUnitTests\bin\Debug\ProcessWordUnitTests.dll" adapterTypeName="Microsoft.VisualStudio.TestTools.TestTypes.Unit.UnitTestAdapter, Microsoft.VisualStudio.QualityTools.Tips.UnitTest.Adapter, Version=9.0.0.0, Culture=neutral, PublicKeyToken=b03f5f7f11d50a3a" className="ProcessWordUnitTests.ProcessWordTest, ProcessWordUnitTests" name="getNextNonExistingCharacter" />
    </UnitTest>
  </TestDefinitions>
  <TestLists>
    <TestList name="Results Not in a List" id="8c84fa94-04c1-424b-9868-57a2d4851a1d" />
    <TestList name="All Loaded Results" id="19431567-8539-422a-85d7-44ee4e166bda" />
  </TestLists>
  <TestEntries>
    <TestEntry testId="a3e1ee41-039f-4677-1883-0cbe577bac8f" executionId="3ace0239-2665-4f76-b482-f381fadbd1af" testListId="8c84fa94-04c1-424b-9868-57a2d4851a1d" />
  </TestEntries>
  <Results>
    <UnitTestResult executionId="3ace0239-2665-4f76-b482-f381fadbd1af" testId="a3e1ee41-039f-4677-1883-0cbe577bac8f" testName="getNextNonExistingCharacter" computerName="IL67LP031384" duration="00:00:00.0820685" startTime="2011-05-25T14:06:48.8141604-05:00" endTime="2011-05-25T14:06:49.2829284-05:00" testType="13cdc9d9-ddb5-4fa4-a97d-d965ccfc6d4b" outcome="Failed" testListId="8c84fa94-04c1-424b-9868-57a2d4851a1d">
      <Output>
        <ErrorInfo>
          <Message>Assert.AreEqual failed. Expected:&lt;invalid character retraction&gt;. Actual:&lt;end of word enumeration&gt;. </Message>
          <StackTrace>   at ProcessWordUnitTests.ProcessWordTest.getNextNonExistingCharacter() in G:\VS8Projects\SmartCodeConversion0\ProcessWordUnitTests\ProcessWordTest.cs:line 115
</StackTrace>
        </ErrorInfo>
      </Output>
    </UnitTestResult>
  </Results>
</TestRun>