<?xml version="1.0" encoding="UTF-8"?>
<TestRun id="2de4dc56-ca15-480a-b461-9d4fe6cc01ba" name="sargon.hasso@IL67LP031384 2011-05-27 16:00:59" runUser="NA\sargon.hasso" xmlns="http://microsoft.com/schemas/VisualStudio/TeamTest/2006">
  <TestRunConfiguration name="Local Test Run" id="730627c6-8274-40ac-888b-2afc4c03d573">
    <Description>This is a default test run configuration for a local test run.</Description>
    <Deployment runDeploymentRoot="G:\VS8Projects\SmartCodeConversion0 - Copy\TestResults\sargon.hasso_IL67LP031384 2011-05-27 16_00_59">
      <DeploymentItem filename="G:\VS8Projects\SmartCodeConversion0 - Copy\codeConversion\bin\Debug\Arguments.dll" />
      <DeploymentItem filename="G:\VS8Projects\SmartCodeConversion0 - Copy\codeConversionUsingFSA\bin\Debug\codeConversionUsingFSA.exe" />
    </Deployment>
    <TestTypeSpecific />
  </TestRunConfiguration>
  <ResultSummary outcome="Completed">
    <Counters total="2" executed="2" passed="2" error="0" failed="0" timeout="0" aborted="0" inconclusive="0" passedButRunAborted="0" notRunnable="0" notExecuted="0" disconnected="0" warning="0" completed="0" inProgress="0" pending="0" />
  </ResultSummary>
  <Times creation="2011-05-27T16:00:59.9476782-05:00" queuing="2011-05-27T16:01:03.4008695-05:00" start="2011-05-27T16:01:03.4164948-05:00" finish="2011-05-27T16:01:03.8383779-05:00" />
  <TestDefinitions>
    <UnitTest name="ENDTest" storage="g:\vs8projects\smartcodeconversion0 - copy\processwordunittests\bin\debug\processwordunittests.dll" id="fac8d00c-da63-89c7-9525-9b031a442cf4">
      <Css projectStructure="" iteration="" />
      <Owners>
        <Owner name="" />
      </Owners>
      <Execution id="d6e8281c-095e-4513-b7e8-bd81f419f7a5" />
      <TestMethod codeBase="G:\VS8Projects\SmartCodeConversion0 - Copy\ProcessWordUnitTests\bin\Debug\ProcessWordUnitTests.dll" adapterTypeName="Microsoft.VisualStudio.TestTools.TestTypes.Unit.UnitTestAdapter, Microsoft.VisualStudio.QualityTools.Tips.UnitTest.Adapter, Version=9.0.0.0, Culture=neutral, PublicKeyToken=b03f5f7f11d50a3a" className="ProcessWordUnitTests.delimterTest, ProcessWordUnitTests" name="ENDTest" />
    </UnitTest>
    <UnitTest name="BEGINTest" storage="g:\vs8projects\smartcodeconversion0 - copy\processwordunittests\bin\debug\processwordunittests.dll" id="acbbfbf1-bf45-d0cd-f828-0a35f8901c67">
      <Css projectStructure="" iteration="" />
      <Owners>
        <Owner name="" />
      </Owners>
      <Execution id="c4843fcb-9c8b-427a-95cd-e4d47b85d353" />
      <TestMethod codeBase="G:\VS8Projects\SmartCodeConversion0 - Copy\ProcessWordUnitTests\bin\Debug\ProcessWordUnitTests.dll" adapterTypeName="Microsoft.VisualStudio.TestTools.TestTypes.Unit.UnitTestAdapter, Microsoft.VisualStudio.QualityTools.Tips.UnitTest.Adapter, Version=9.0.0.0, Culture=neutral, PublicKeyToken=b03f5f7f11d50a3a" className="ProcessWordUnitTests.delimterTest, ProcessWordUnitTests" name="BEGINTest" />
    </UnitTest>
  </TestDefinitions>
  <TestLists>
    <TestList name="Results Not in a List" id="8c84fa94-04c1-424b-9868-57a2d4851a1d" />
    <TestList name="All Loaded Results" id="19431567-8539-422a-85d7-44ee4e166bda" />
  </TestLists>
  <TestEntries>
    <TestEntry testId="fac8d00c-da63-89c7-9525-9b031a442cf4" executionId="d6e8281c-095e-4513-b7e8-bd81f419f7a5" testListId="8c84fa94-04c1-424b-9868-57a2d4851a1d" />
    <TestEntry testId="acbbfbf1-bf45-d0cd-f828-0a35f8901c67" executionId="c4843fcb-9c8b-427a-95cd-e4d47b85d353" testListId="8c84fa94-04c1-424b-9868-57a2d4851a1d" />
  </TestEntries>
  <Results>
    <UnitTestResult executionId="d6e8281c-095e-4513-b7e8-bd81f419f7a5" testId="fac8d00c-da63-89c7-9525-9b031a442cf4" testName="ENDTest" computerName="IL67LP031384" duration="00:00:00.0213175" startTime="2011-05-27T16:01:03.4164948-05:00" endTime="2011-05-27T16:01:03.8227526-05:00" testType="13cdc9d9-ddb5-4fa4-a97d-d965ccfc6d4b" outcome="Passed" testListId="8c84fa94-04c1-424b-9868-57a2d4851a1d">
      <Output>
      </Output>
    </UnitTestResult>
    <UnitTestResult executionId="c4843fcb-9c8b-427a-95cd-e4d47b85d353" testId="acbbfbf1-bf45-d0cd-f828-0a35f8901c67" testName="BEGINTest" computerName="IL67LP031384" duration="00:00:00.0004425" startTime="2011-05-27T16:01:03.8227526-05:00" endTime="2011-05-27T16:01:03.8383779-05:00" testType="13cdc9d9-ddb5-4fa4-a97d-d965ccfc6d4b" outcome="Passed" testListId="8c84fa94-04c1-424b-9868-57a2d4851a1d">
      <Output>
      </Output>
    </UnitTestResult>
  </Results>
</TestRun>